0 info it worked if it ends with ok
1 verbose cli [ '/usr/bin/nodejs', '/usr/bin/npm', 'install', 'bower-cli' ]
2 info using npm@1.4.21
3 info using node@v0.10.29
4 warn package.json malt-webserver@2.0.0 No repository field.
5 warn package.json malt-webserver@2.0.0 No README data
6 verbose readDependencies using package.json deps
7 verbose cache add [ 'bower-cli', null ]
8 verbose cache add name=undefined spec="bower-cli" args=["bower-cli",null]
9 verbose parsed url { protocol: null,
9 verbose parsed url   slashes: null,
9 verbose parsed url   auth: null,
9 verbose parsed url   host: null,
9 verbose parsed url   port: null,
9 verbose parsed url   hostname: null,
9 verbose parsed url   hash: null,
9 verbose parsed url   search: null,
9 verbose parsed url   query: null,
9 verbose parsed url   pathname: 'bower-cli',
9 verbose parsed url   path: 'bower-cli',
9 verbose parsed url   href: 'bower-cli' }
10 silly lockFile b5fc92bc-bower-cli bower-cli
11 verbose lock bower-cli /home/sebv/.npm/b5fc92bc-bower-cli.lock
12 silly lockFile b5fc92bc-bower-cli bower-cli
13 silly lockFile b5fc92bc-bower-cli bower-cli
14 verbose addNamed [ 'bower-cli', '' ]
15 verbose addNamed [ null, '*' ]
16 silly lockFile 8942fdc3-bower-cli bower-cli@
17 verbose lock bower-cli@ /home/sebv/.npm/8942fdc3-bower-cli.lock
18 silly addNameRange { name: 'bower-cli', range: '*', hasData: false }
19 verbose request where is /bower-cli
20 verbose request registry https://registry.npmjs.org/
21 verbose request id 24a19991eabfb12e
22 verbose url raw /bower-cli
23 verbose url resolving [ 'https://registry.npmjs.org/', './bower-cli' ]
24 verbose url resolved https://registry.npmjs.org/bower-cli
25 verbose request where is https://registry.npmjs.org/bower-cli
26 info trying registry request attempt 1 at 20:49:52
27 http GET https://registry.npmjs.org/bower-cli
28 http 404 https://registry.npmjs.org/bower-cli
29 silly registry.get cb [ 404,
29 silly registry.get   { 'content-type': 'application/json',
29 silly registry.get     'cache-control': 'max-age=0',
29 silly registry.get     'content-length': '2',
29 silly registry.get     'accept-ranges': 'bytes',
29 silly registry.get     date: 'Thu, 20 Oct 2016 18:50:17 GMT',
29 silly registry.get     via: '1.1 varnish',
29 silly registry.get     age: '0',
29 silly registry.get     connection: 'keep-alive',
29 silly registry.get     'x-served-by': 'cache-cdg8735-CDG',
29 silly registry.get     'x-cache': 'MISS',
29 silly registry.get     'x-cache-hits': '0',
29 silly registry.get     'x-timer': 'S1476989417.804408,VS0,VE106',
29 silly registry.get     vary: 'Accept-Encoding' } ]
30 silly lockFile 8942fdc3-bower-cli bower-cli@
31 silly lockFile 8942fdc3-bower-cli bower-cli@
32 error 404 Not Found
32 error 404
32 error 404 'bower-cli' is not in the npm registry.
32 error 404 You should bug the author to publish it
32 error 404 It was specified as a dependency of 'malt-webserver'
32 error 404
32 error 404 Note that you can also install from a
32 error 404 tarball, folder, or http url, or git url.
33 error System Linux 3.16.0-4-amd64
34 error command "/usr/bin/nodejs" "/usr/bin/npm" "install" "bower-cli"
35 error cwd /home/sebv/Projects/malt/src/webserver
36 error node -v v0.10.29
37 error npm -v 1.4.21
38 error code E404
39 verbose exit [ 1, true ]
